This is pdfTeX, Version 3.141592653-2.6-1.40.24 (MiKTeX 22.3) (preloaded format=pdflatex 2022.5.21)  18 AUG 2022 19:45
entering extended mode
 \write18 enabled.
 %&-line parsing enabled.
**./template.tex
(template.tex
LaTeX2e <2021-11-15> patch level 1
L3 programming layer <2022-02-24>
(C:\Users\micky\AppData\Local\Programs\MiKTeX\tex/latex/base\article.cls
Document Class: article 2021/10/04 v1.4n Standard LaTeX document class
(C:\Users\micky\AppData\Local\Programs\MiKTeX\tex/latex/base\size10.clo
File: size10.clo 2021/10/04 v1.4n Standard LaTeX file (size option)
)
\c@part=\count185
\c@section=\count186
\c@subsection=\count187
\c@subsubsection=\count188
\c@paragraph=\count189
\c@subparagraph=\count190
\c@figure=\count191
\c@table=\count192
\abovecaptionskip=\skip47
\belowcaptionskip=\skip48
\bibindent=\dimen138
)
(INTERSPEECH2021.sty
Package: INTERSPEECH2021 2021/01/22 Official Interspeech 2021 package

(C:\Users\micky\AppData\Local\Programs\MiKTeX\tex/latex/graphics\graphicx.sty
Package: graphicx 2021/09/16 v1.2d Enhanced LaTeX Graphics (DPC,SPQR)

(C:\Users\micky\AppData\Local\Programs\MiKTeX\tex/latex/graphics\keyval.sty
Package: keyval 2014/10/28 v1.15 key=value parser (DPC)
\KV@toks@=\toks16
)
(C:\Users\micky\AppData\Local\Programs\MiKTeX\tex/latex/graphics\graphics.sty
Package: graphics 2021/03/04 v1.4d Standard LaTeX Graphics (DPC,SPQR)

(C:\Users\micky\AppData\Local\Programs\MiKTeX\tex/latex/graphics\trig.sty
Package: trig 2021/08/11 v1.11 sin cos tan (DPC)
)
(C:\Users\micky\AppData\Local\Programs\MiKTeX\tex/latex/graphics-cfg\graphics.c
fg
File: graphics.cfg 2016/06/04 v1.11 sample graphics configuration
)
Package graphics Info: Driver file: pdftex.def on input line 107.

(C:\Users\micky\AppData\Local\Programs\MiKTeX\tex/latex/graphics-def\pdftex.def
File: pdftex.def 2020/10/05 v1.2a Graphics/color driver for pdftex
))
\Gin@req@height=\dimen139
\Gin@req@width=\dimen140
)
(C:\Users\micky\AppData\Local\Programs\MiKTeX\tex/latex/amsfonts\amssymb.sty
Package: amssymb 2013/01/14 v3.01 AMS font symbols

(C:\Users\micky\AppData\Local\Programs\MiKTeX\tex/latex/amsfonts\amsfonts.sty
Package: amsfonts 2013/01/14 v3.01 Basic AMSFonts support
\@emptytoks=\toks17
\symAMSa=\mathgroup4
\symAMSb=\mathgroup5
LaTeX Font Info:    Redeclaring math symbol \hbar on input line 98.
LaTeX Font Info:    Overwriting math alphabet `\mathfrak' in version `bold'
(Font)                  U/euf/m/n --> U/euf/b/n on input line 106.
)) (C:\Users\micky\AppData\Local\Programs\MiKTeX\tex/latex/amsmath\amsmath.sty
Package: amsmath 2021/10/15 v2.17l AMS math features
\@mathmargin=\skip49

For additional information on amsmath, use the `?' option.
(C:\Users\micky\AppData\Local\Programs\MiKTeX\tex/latex/amsmath\amstext.sty
Package: amstext 2021/08/26 v2.01 AMS text

(C:\Users\micky\AppData\Local\Programs\MiKTeX\tex/latex/amsmath\amsgen.sty
File: amsgen.sty 1999/11/30 v2.0 generic functions
\@emptytoks=\toks18
\ex@=\dimen141
))
(C:\Users\micky\AppData\Local\Programs\MiKTeX\tex/latex/amsmath\amsbsy.sty
Package: amsbsy 1999/11/29 v1.2d Bold Symbols
\pmbraise@=\dimen142
)
(C:\Users\micky\AppData\Local\Programs\MiKTeX\tex/latex/amsmath\amsopn.sty
Package: amsopn 2021/08/26 v2.02 operator names
)
\inf@bad=\count193
LaTeX Info: Redefining \frac on input line 234.
\uproot@=\count194
\leftroot@=\count195
LaTeX Info: Redefining \overline on input line 399.
\classnum@=\count196
\DOTSCASE@=\count197
LaTeX Info: Redefining \ldots on input line 496.
LaTeX Info: Redefining \dots on input line 499.
LaTeX Info: Redefining \cdots on input line 620.
\Mathstrutbox@=\box50
\strutbox@=\box51
\big@size=\dimen143
LaTeX Font Info:    Redeclaring font encoding OML on input line 743.
LaTeX Font Info:    Redeclaring font encoding OMS on input line 744.
\macc@depth=\count198
\c@MaxMatrixCols=\count199
\dotsspace@=\muskip16
\c@parentequation=\count266
\dspbrk@lvl=\count267
\tag@help=\toks19
\row@=\count268
\column@=\count269
\maxfields@=\count270
\andhelp@=\toks20
\eqnshift@=\dimen144
\alignsep@=\dimen145
\tagshift@=\dimen146
\tagwidth@=\dimen147
\totwidth@=\dimen148
\lineht@=\dimen149
\@envbody=\toks21
\multlinegap=\skip50
\multlinetaggap=\skip51
\mathdisplay@stack=\toks22
LaTeX Info: Redefining \[ on input line 2938.
LaTeX Info: Redefining \] on input line 2939.
)
(C:\Users\micky\AppData\Local\Programs\MiKTeX\tex/latex/tools\bm.sty
Package: bm 2021/04/25 v1.2e Bold Symbol Support (DPC/FMi)
\symboldoperators=\mathgroup6
\symboldletters=\mathgroup7
\symboldsymbols=\mathgroup8
Package bm Info: No bold for \OMX/cmex/m/n, using \pmb.
Package bm Info: No bold for \U/msa/m/n, using \pmb.
Package bm Info: No bold for \U/msb/m/n, using \pmb.
LaTeX Font Info:    Redeclaring math alphabet \mathbf on input line 149.
)
(C:\Users\micky\AppData\Local\Programs\MiKTeX\tex/latex/base\textcomp.sty
Package: textcomp 2020/02/02 v2.0n Standard LaTeX package
)
(C:\Users\micky\AppData\Local\Programs\MiKTeX\tex/latex/booktabs\booktabs.sty
Package: booktabs 2020/01/12 v1.61803398 Publication quality tables
\heavyrulewidth=\dimen150
\lightrulewidth=\dimen151
\cmidrulewidth=\dimen152
\belowrulesep=\dimen153
\belowbottomsep=\dimen154
\aboverulesep=\dimen155
\abovetopsep=\dimen156
\cmidrulesep=\dimen157
\cmidrulekern=\dimen158
\defaultaddspace=\dimen159
\@cmidla=\count271
\@cmidlb=\count272
\@aboverulesep=\dimen160
\@belowrulesep=\dimen161
\@thisruleclass=\count273
\@lastruleclass=\count274
\@thisrulewidth=\dimen162
)
(C:\Users\micky\AppData\Local\Programs\MiKTeX\tex/latex/caption\caption.sty
Package: caption 2022/03/01 v3.6b Customizing captions (AR)

(C:\Users\micky\AppData\Local\Programs\MiKTeX\tex/latex/caption\caption3.sty
Package: caption3 2022/03/17 v2.3b caption3 kernel (AR)
\caption@tempdima=\dimen163
\captionmargin=\dimen164
\caption@leftmargin=\dimen165
\caption@rightmargin=\dimen166
\caption@width=\dimen167
\caption@indent=\dimen168
\caption@parindent=\dimen169
\caption@hangindent=\dimen170
Package caption Info: Standard document class detected.
)
\c@caption@flags=\count275
\c@continuedfloat=\count276
)
\headrulewidth=\dimen171
\footrulewidth=\dimen172
\plainheadrulewidth=\dimen173
\plainfootrulewidth=\dimen174
\headwidth=\dimen175
)
(C:\Users\micky\AppData\Local\Programs\MiKTeX\tex/latex/adjustbox\adjustbox.sty
Package: adjustbox 2020/08/19 v1.3 Adjusting TeX boxes (trim, clip, ...)
(C:\Users\micky\AppData\Local\Programs\MiKTeX\tex/latex/xkeyval\xkeyval.sty
Package: xkeyval 2020/11/20 v2.8 package option processing (HA)

(C:\Users\micky\AppData\Local\Programs\MiKTeX\tex/generic/xkeyval\xkeyval.tex
(C:\Users\micky\AppData\Local\Programs\MiKTeX\tex/generic/xkeyval\xkvutils.tex
\XKV@toks=\toks23
\XKV@tempa@toks=\toks24
)
\XKV@depth=\count277
File: xkeyval.tex 2014/12/03 v2.7a key=value parser (HA)
))
(C:\Users\micky\AppData\Local\Programs\MiKTeX\tex/latex/adjustbox\adjcalc.sty
Package: adjcalc 2012/05/16 v1.1 Provides advanced setlength with multiple back
-ends (calc, etex, pgfmath)
)
(C:\Users\micky\AppData\Local\Programs\MiKTeX\tex/latex/adjustbox\trimclip.sty
Package: trimclip 2020/08/19 v1.2 Trim and clip general TeX material

(C:\Users\micky\AppData\Local\Programs\MiKTeX\tex/latex/collectbox\collectbox.s
ty
Package: collectbox 2012/05/17 v0.4b Collect macro arguments as boxes
\collectedbox=\box52
)
\tc@llx=\dimen176
\tc@lly=\dimen177
\tc@urx=\dimen178
\tc@ury=\dimen179
Package trimclip Info: Using driver 'tc-pdftex.def'.

(C:\Users\micky\AppData\Local\Programs\MiKTeX\tex/latex/adjustbox\tc-pdftex.def
File: tc-pdftex.def 2019/01/04 v2.2 Clipping driver for pdftex
))
\adjbox@Width=\dimen180
\adjbox@Height=\dimen181
\adjbox@Depth=\dimen182
\adjbox@Totalheight=\dimen183
\adjbox@pwidth=\dimen184
\adjbox@pheight=\dimen185
\adjbox@pdepth=\dimen186
\adjbox@ptotalheight=\dimen187

(C:\Users\micky\AppData\Local\Programs\MiKTeX\tex/latex/ifoddpage\ifoddpage.sty
Package: ifoddpage 2016/04/23 v1.1 Conditionals for odd/even page detection
\c@checkoddpage=\count278
) (C:\Users\micky\AppData\Local\Programs\MiKTeX\tex/latex/varwidth\varwidth.sty
Package: varwidth 2009/03/30 ver 0.92;  Variable-width minipages
\@vwid@box=\box53
\sift@deathcycles=\count279
\@vwid@loff=\dimen188
\@vwid@roff=\dimen189
)) (C:\Users\micky\AppData\Local\Programs\MiKTeX\tex/latex/minted\minted.sty
Package: minted 2021/12/24 v2.6 Yet another Pygments shim for LaTeX

(C:\Users\micky\AppData\Local\Programs\MiKTeX\tex/latex/kvoptions\kvoptions.sty
Package: kvoptions 2020-10-07 v3.14 Key value format for package options (HO)
(C:\Users\micky\AppData\Local\Programs\MiKTeX\tex/generic/ltxcmds\ltxcmds.sty
Package: ltxcmds 2020-05-10 v1.25 LaTeX kernel commands for general use (HO)
)
(C:\Users\micky\AppData\Local\Programs\MiKTeX\tex/generic/kvsetkeys\kvsetkeys.s
ty
Package: kvsetkeys 2019/12/15 v1.18 Key value parser (HO)
))
(C:\Users\micky\AppData\Local\Programs\MiKTeX\tex/latex/fvextra\fvextra.sty
Package: fvextra 2019/02/04 v1.4 fvextra - extensions and patches for fancyvrb

(C:\Users\micky\AppData\Local\Programs\MiKTeX\tex/latex/base\ifthen.sty
Package: ifthen 2020/11/24 v1.1c Standard LaTeX ifthen package (DPC)
)
(C:\Users\micky\AppData\Local\Programs\MiKTeX\tex/latex/etoolbox\etoolbox.sty
Package: etoolbox 2020/10/05 v2.5k e-TeX tools for LaTeX (JAW)
\etb@tempcnta=\count280
)
(C:\Users\micky\AppData\Local\Programs\MiKTeX\tex/latex/fancyvrb\fancyvrb.sty
Package: fancyvrb 2022/06/06 4.5 verbatim text (tvz,hv)
\FV@CodeLineNo=\count281
\FV@InFile=\read2
\FV@TabBox=\box54
\c@FancyVerbLine=\count282
\FV@StepNumber=\count283
\FV@OutFile=\write3
)
(C:\Users\micky\AppData\Local\Programs\MiKTeX\tex/latex/upquote\upquote.sty
Package: upquote 2012/04/19 v1.3 upright-quote and grave-accent glyphs in verba
tim
)
(C:\Users\micky\AppData\Local\Programs\MiKTeX\tex/latex/lineno\lineno.sty
Package: lineno 2005/11/02 line numbers on paragraphs v4.41
\linenopenalty=\count284
\output=\toks25
\linenoprevgraf=\count285
\linenumbersep=\dimen190
\linenumberwidth=\dimen191
\c@linenumber=\count286
\c@pagewiselinenumber=\count287
\c@LN@truepage=\count288
\c@internallinenumber=\count289
\c@internallinenumbers=\count290
\quotelinenumbersep=\dimen192
\bframerule=\dimen193
\bframesep=\dimen194
\bframebox=\box55
LaTeX Info: Redefining \\ on input line 3056.
)
\c@FV@TrueTabGroupLevel=\count291
\c@FV@TrueTabCounter=\count292
\FV@TabBox@Group=\box56
\FV@TmpLength=\skip52
\c@FV@HighlightLinesStart=\count293
\c@FV@HighlightLinesStop=\count294
\FV@LoopCount=\count295
\FV@NCharsBox=\box57
\FV@BreakIndent=\dimen195
\FV@BreakIndentNChars=\count296
\FV@BreakSymbolSepLeft=\dimen196
\FV@BreakSymbolSepLeftNChars=\count297
\FV@BreakSymbolSepRight=\dimen197
\FV@BreakSymbolSepRightNChars=\count298
\FV@BreakSymbolIndentLeft=\dimen198
\FV@BreakSymbolIndentLeftNChars=\count299
\FV@BreakSymbolIndentRight=\dimen199
\FV@BreakSymbolIndentRightNChars=\count300
\c@FancyVerbLineBreakLast=\count301
\FV@LineBox=\box58
\FV@LineIndentBox=\box59
\FV@LineWidth=\dimen256
)
(C:\Users\micky\AppData\Local\Programs\MiKTeX\tex/latex/tools\calc.sty
Package: calc 2017/05/25 v4.3 Infix arithmetic (KKT,FJ)
\calc@Acount=\count302
\calc@Bcount=\count303
\calc@Adimen=\dimen257
\calc@Bdimen=\dimen258
\calc@Askip=\skip53
\calc@Bskip=\skip54
LaTeX Info: Redefining \setlength on input line 80.
LaTeX Info: Redefining \addtolength on input line 81.
\calc@Ccount=\count304
\calc@Cskip=\skip55
)
(C:\Users\micky\AppData\Local\Programs\MiKTeX\tex/latex/tools\shellesc.sty
Package: shellesc 2019/11/08 v1.0c unified shell escape interface for LaTeX
Package shellesc Info: Unrestricted shell escape enabled on input line 75.
)
(C:\Users\micky\AppData\Local\Programs\MiKTeX\tex/latex/ifplatform\ifplatform.s
ty
Package: ifplatform 2017/10/13 v0.4a Testing for the operating system

(C:\Users\micky\AppData\Local\Programs\MiKTeX\tex/generic/pdftexcmds\pdftexcmds
.sty
Package: pdftexcmds 2020-06-27 v0.33 Utility functions of pdfTeX for LuaTeX (HO
)

(C:\Users\micky\AppData\Local\Programs\MiKTeX\tex/generic/infwarerr\infwarerr.s
ty
Package: infwarerr 2019/12/03 v1.5 Providing info/warning/error messages (HO)
) (C:\Users\micky\AppData\Local\Programs\MiKTeX\tex/generic/iftex\iftex.sty
Package: iftex 2022/02/03 v1.0f TeX engine tests
)
Package pdftexcmds Info: \pdf@primitive is available.
Package pdftexcmds Info: \pdf@ifprimitive is available.
Package pdftexcmds Info: \pdfdraftmode found.
)
(C:\Users\micky\AppData\Local\Programs\MiKTeX\tex/generic/catchfile\catchfile.s
ty
Package: catchfile 2019/12/09 v1.8 Catch the contents of a file (HO)

(C:\Users\micky\AppData\Local\Programs\MiKTeX\tex/generic/etexcmds\etexcmds.sty
Package: etexcmds 2019/12/15 v1.7 Avoid name clashes with e-TeX commands (HO)
)) (C:\Users\micky\AppData\Local\Programs\MiKTeX\tex/generic/iftex\ifluatex.sty
Package: ifluatex 2019/10/25 v1.5 ifluatex legacy package. Use iftex instead.
)) (C:\Users\micky\AppData\Local\Programs\MiKTeX\tex/latex/xstring\xstring.sty
(C:\Users\micky\AppData\Local\Programs\MiKTeX\tex/generic/xstring\xstring.tex
\integerpart=\count305
\decimalpart=\count306
)
Package: xstring 2021/07/21 v1.84 String manipulations (CT)
) (C:\Users\micky\AppData\Local\Programs\MiKTeX\tex/latex/framed\framed.sty
Package: framed 2011/10/22 v 0.96: framed or shaded text with page breaks
\OuterFrameSep=\skip56
\fb@frw=\dimen259
\fb@frh=\dimen260
\FrameRule=\dimen261
\FrameSep=\dimen262
)
(C:\Users\micky\AppData\Local\Programs\MiKTeX\tex/latex/float\float.sty
Package: float 2001/11/08 v1.3d Float enhancements (AL)
\c@float@type=\count307
\float@exts=\toks26
\float@box=\box60
\@float@everytoks=\toks27
\@floatcapt=\box61
)
\minted@appexistsfile=\read3
\minted@bgbox=\box62
\minted@code=\write4
\c@minted@FancyVerbLineTemp=\count308
\c@minted@pygmentizecounter=\count309
\@float@every@listing=\toks28
\c@listing=\count310
)
runsystem(if not exist _minted-template mkdir _minted-template)...executed.


(C:\Users\micky\AppData\Local\Programs\MiKTeX\tex/latex/caption\subcaption.sty
Package: subcaption 2022/01/07 v1.5 Sub-captions (AR)
\c@subfigure=\count311
\c@subtable=\count312
)
(C:\Users\micky\AppData\Local\Programs\MiKTeX\tex/latex/tabularray\tabularray.s
ty (C:\Users\micky\AppData\Local\Programs\MiKTeX\tex/latex/l3kernel\expl3.sty
Package: expl3 2022-02-24 L3 programming layer (loader) 

(C:\Users\micky\AppData\Local\Programs\MiKTeX\tex/latex/l3backend\l3backend-pdf
tex.def
File: l3backend-pdftex.def 2022-02-07 L3 backend support: PDF output (pdfTeX)
\l__color_backend_stack_int=\count313
\l__pdf_internal_box=\box63
))
Package: tabularray 2022-07-01 v2022C Typeset tabulars and arrays with LaTeX3
\l__tblr_a_int=\count314
\l__tblr_c_int=\count315
\l__tblr_r_int=\count316
\l__tblr_d_dim=\dimen263
\l__tblr_h_dim=\dimen264
\l__tblr_o_dim=\dimen265
\l__tblr_p_dim=\dimen266
\l__tblr_q_dim=\dimen267
\l__tblr_r_dim=\dimen268
\l__tblr_s_dim=\dimen269
\l__tblr_t_dim=\dimen270
\l__tblr_v_dim=\dimen271
\l__tblr_w_dim=\dimen272
\l__tblr_a_box=\box64
\l__tblr_b_box=\box65
\l__tblr_c_box=\box66
\l__tblr_d_box=\box67
\g__tblr_table_count_int=\count317
\c@rownum=\count318
\c@colnum=\count319
\c@rowcount=\count320
\c@colcount=\count321
\abovesep=\dimen273
\belowsep=\dimen274
\leftsep=\dimen275
\rightsep=\dimen276
\g_tblr_level_int=\count322
\g__tblr_data_row_key_count_int=\count323
\g__tblr_data_column_key_count_int=\count324
\g__tblr_data_cell_key_count_int=\count325
\g__tblr_array_int=\count326
\l__tblr_key_count_int=\count327
\l__tblr_key_quotient_int=\count328
\l__tblr_key_quotient_two_int=\count329
\l__tblr_key_remainder_int=\count330
\g__tblr_data_str_value_count_int=\count331
\rulewidth=\dimen277
\l__tblr_strut_dp_dim=\dimen278
\l__tblr_strut_ht_dim=\dimen279
\g__tblr_cell_wd_dim=\dimen280
\g__tblr_cell_ht_dim=\dimen281
\g__tblr_cell_head_dim=\dimen282
\g__tblr_cell_foot_dim=\dimen283
\l__column_target_dim=\dimen284
\l__tblr_caption_box=\box68
\l__tblr_caption_left_box=\box69
\l__tblr_row_head_box=\box70
\l__tblr_row_foot_box=\box71
\l__tblr_row_head_foot_dim=\dimen285
\tablewidth=\dimen286
\l__tblr_table_firsthead_box=\box72
\l__tblr_table_middlehead_box=\box73
\l__tblr_table_lasthead_box=\box74
\l__tblr_table_firstfoot_box=\box75
\l__tblr_table_middlefoot_box=\box76
\l__tblr_table_lastfoot_box=\box77
\l__tblr_remain_height_dim=\dimen287
\l__tblr_long_from_int=\count332
\l__tblr_long_to_int=\count333
\l__tblr_curr_i_int=\count334
\l__tblr_prev_i_int=\count335
\l__tblr_table_page_int=\count336
\l__tblr_table_head_box=\box78
\l__tblr_table_foot_box=\box79
\l__tblr_table_head_foot_dim=\dimen288
\l__tblr_table_head_body_foot_dim=\dimen289
\l__tblr_table_box=\box80
\l__tblr_table_hlines_box=\box81
\l__tblr_hline_box=\box82
\l__tblr_row_box=\box83
\l__tblr_col_o_wd_dim=\dimen290
\l__tblr_col_b_wd_dim=\dimen291
\l__tblr_hline_leftskip_dim=\dimen292
\l__tblr_hline_rightskip_dim=\dimen293
\l__tblr_row_ht_dim=\dimen294
\l__tblr_row_dp_dim=\dimen295
\l__tblr_row_abovesep_dim=\dimen296
\l__tblr_row_belowsep_dim=\dimen297
\l__tblr_row_vlines_box=\box84
\l__tblr_vline_box=\box85
\l__tblr_cell_box=\box86
\l__row_upper_dim=\dimen298
\l__row_lower_dim=\dimen299
\l__row_vpace_dim=\dimen300
\l__tblr_vline_aboveskip_dim=\dimen301
\l__tblr_vline_belowskip_dim=\dimen302
\l__tblr_cell_wd_dim=\dimen303
\l__tblr_cell_ht_dim=\dimen304
\l__tblr_diag_box=\box87
)
(C:\Users\micky\AppData\Local\Programs\MiKTeX\tex/latex/xcolor\xcolor.sty
Package: xcolor 2021/10/31 v2.13 LaTeX color extensions (UK)

(C:\Users\micky\AppData\Local\Programs\MiKTeX\tex/latex/graphics-cfg\color.cfg
File: color.cfg 2016/01/02 v1.6 sample color configuration
)
Package xcolor Info: Driver file: pdftex.def on input line 227.
Package xcolor Info: Model `cmy' substituted by `cmy0' on input line 1352.
Package xcolor Info: Model `hsb' substituted by `rgb' on input line 1356.
Package xcolor Info: Model `RGB' extended on input line 1368.
Package xcolor Info: Model `HTML' substituted by `rgb' on input line 1370.
Package xcolor Info: Model `Hsb' substituted by `hsb' on input line 1371.
Package xcolor Info: Model `tHsb' substituted by `hsb' on input line 1372.
Package xcolor Info: Model `HSB' substituted by `hsb' on input line 1373.
Package xcolor Info: Model `Gray' substituted by `gray' on input line 1374.
Package xcolor Info: Model `wave' substituted by `hsb' on input line 1375.
(C:\Users\micky\AppData\Local\Programs\MiKTeX\tex/latex/graphics\dvipsnam.def
File: dvipsnam.def 2016/06/17 v3.0m Driver-dependent file (DPC,SPQR)
))
runsystem(for ^%i in (pygmentize.exe pygmentize.bat pygmentize.cmd) do set > te
mplate.aex <nul: /p x=^%~$PATH:i>> template.aex)...executed.

runsystem(del template.aex)...executed.

LaTeX Font Info:    Trying to load font information for OT1+ptm on input line 2
9.
(C:\Users\micky\AppData\Local\Programs\MiKTeX\tex/latex/psnfss\ot1ptm.fd
File: ot1ptm.fd 2001/06/04 font definitions for OT1/ptm.
)
(template.aux)
\openout1 = `template.aux'.

LaTeX Font Info:    Checking defaults for OML/cmm/m/it on input line 29.
LaTeX Font Info:    ... okay on input line 29.
LaTeX Font Info:    Checking defaults for OMS/cmsy/m/n on input line 29.
LaTeX Font Info:    ... okay on input line 29.
LaTeX Font Info:    Checking defaults for OT1/cmr/m/n on input line 29.
LaTeX Font Info:    ... okay on input line 29.
LaTeX Font Info:    Checking defaults for T1/cmr/m/n on input line 29.
LaTeX Font Info:    ... okay on input line 29.
LaTeX Font Info:    Checking defaults for TS1/cmr/m/n on input line 29.
LaTeX Font Info:    ... okay on input line 29.
LaTeX Font Info:    Checking defaults for OMX/cmex/m/n on input line 29.
LaTeX Font Info:    ... okay on input line 29.
LaTeX Font Info:    Checking defaults for U/cmr/m/n on input line 29.
LaTeX Font Info:    ... okay on input line 29.

(C:\Users\micky\AppData\Local\Programs\MiKTeX\tex/context/base/mkii\supp-pdf.mk
ii
[Loading MPS to PDF converter (version 2006.09.02).]
\scratchcounter=\count337
\scratchdimen=\dimen305
\scratchbox=\box88
\nofMPsegments=\count338
\nofMParguments=\count339
\everyMPshowfont=\toks29
\MPscratchCnt=\count340
\MPscratchDim=\dimen306
\MPnumerator=\count341
\makeMPintoPDFobject=\count342
\everyMPtoPDFconversion=\toks30
)
(C:\Users\micky\AppData\Local\Programs\MiKTeX\tex/latex/epstopdf-pkg\epstopdf-b
ase.sty
Package: epstopdf-base 2020-01-24 v2.11 Base part for package epstopdf

(C:\Users\micky\AppData\Local\Programs\MiKTeX\tex/latex/grfext\grfext.sty
Package: grfext 2019/12/03 v1.3 Manage graphics extensions (HO)

(C:\Users\micky\AppData\Local\Programs\MiKTeX\tex/generic/kvdefinekeys\kvdefine
keys.sty
Package: kvdefinekeys 2019-12-19 v1.6 Define keys (HO)
))
Package epstopdf-base Info: Redefining graphics rule for `.eps' on input line 4
85.
Package grfext Info: Graphics extension search list:
(grfext)             [.pdf,.png,.jpg,.mps,.jpeg,.jbig2,.jb2,.PDF,.PNG,.JPG,.JPE
G,.JBIG2,.JB2,.eps]
(grfext)             \AppendGraphicsExtensions on input line 504.

(C:\Users\micky\AppData\Local\Programs\MiKTeX\tex/latex/00miktex\epstopdf-sys.c
fg
File: epstopdf-sys.cfg 2021/03/18 v2.0 Configuration of epstopdf for MiKTeX
))
Package caption Info: Begin \AtBeginDocument code.
Package caption Info: float package is loaded.
Package caption Info: End \AtBeginDocument code.

(C:\Users\micky\AppData\Local\Programs\MiKTeX\tex/latex/ninecolors\ninecolors.s
ty
Package: ninecolors 2022-02-13 vv2022D Select colors with proper color contrast


(C:\Users\micky\AppData\Local\Programs\MiKTeX\tex/latex/l3packages/xparse\xpars
e.sty
Package: xparse 2022-01-12 L3 Experimental document command parser
))
LaTeX Font Info:    Trying to load font information for OT1+pcr on input line 3
1.

(C:\Users\micky\AppData\Local\Programs\MiKTeX\tex/latex/psnfss\ot1pcr.fd
File: ot1pcr.fd 2001/06/04 font definitions for OT1/pcr.
)
LaTeX Font Info:    Trying to load font information for TS1+ptm on input line 4
8.

(C:\Users\micky\AppData\Local\Programs\MiKTeX\tex/latex/psnfss\ts1ptm.fd
File: ts1ptm.fd 2001/06/04 font definitions for TS1/ptm.
)
LaTeX Font Info:    Trying to load font information for U+msa on input line 51.


(C:\Users\micky\AppData\Local\Programs\MiKTeX\tex/latex/amsfonts\umsa.fd
File: umsa.fd 2013/01/14 v3.01 AMS symbols A
)
LaTeX Font Info:    Trying to load font information for U+msb on input line 51.


(C:\Users\micky\AppData\Local\Programs\MiKTeX\tex/latex/amsfonts\umsb.fd
File: umsb.fd 2013/01/14 v3.01 AMS symbols B
)
Underfull \hbox (badness 10000) in paragraph at lines 53--54
[]\OT1/ptm/m/n/9 compute the se-quence $[]$ such as $[] \OT1/cmr/m/n/9 =
 []


Overfull \hbox (2.3114pt too wide) in paragraph at lines 61--73
 [] 
 []


Underfull \hbox (badness 10000) in paragraph at lines 79--80
[]\OT1/ptm/m/n/9 compute the la-bel $[]$ such as $[] \OT1/cmr/m/n/9 =
 []

\openout3 = `template.pyg'.

(_minted-template/default.pygstyle)
(_minted-template/823CF4C83E3771CC333A64B0CFE8E253E5697F34B77A35E9FDC17F73407C7
175.pygtex)
Underfull \hbox (badness 1112) in paragraph at lines 138--140
[]\OT1/ptm/m/n/9 There are also some la-bels that do not ap-pear at all
 []


Underfull \hbox (badness 1902) in paragraph at lines 138--140
\OT1/ptm/m/n/9 in ei-ther train or dev set but do oc-cur in the test set,
 []


Underfull \hbox (badness 1635) in paragraph at lines 138--140
\OT1/ptm/m/n/9 fare+flight'. Sim-i-larly for slot la-bels, 'B-booking[]class',
 []


Underfull \hbox (badness 7308) in paragraph at lines 138--140
\OT1/ptm/m/n/9 'B-compartment', 'B-flight', 'B-stoploc.airport[]code', 'I-
 []

[1{C:/Users/micky/AppData/Local/MiKTeX/fonts/map/pdftex/pdftex.map}



]

LaTeX Warning: Reference `fig:baseline' on page 2 undefined on input line 163.

<../assets/images/baseline.png, id=14, 1592.95125pt x 1245.15187pt>
File: ../assets/images/baseline.png Graphic file (type png)
<use ../assets/images/baseline.png>
Package pdftex.def Info: ../assets/images/baseline.png  used on input line 168.

(pdftex.def)             Requested size: 182.09831pt x 142.32497pt.
<../assets/images/BiLSTM.png, id=16, 1072.005pt x 1289.56781pt>
File: ../assets/images/BiLSTM.png Graphic file (type png)
<use ../assets/images/BiLSTM.png>
Package pdftex.def Info: ../assets/images/BiLSTM.png  used on input line 181.
(pdftex.def)             Requested size: 182.09831pt x 219.04652pt.

LaTeX Warning: `!h' float specifier changed to `!ht'.

<../assets/images/BERT.png, id=17, 1710.39pt x 1306.12968pt>
File: ../assets/images/BERT.png Graphic file (type png)
<use ../assets/images/BERT.png>
Package pdftex.def Info: ../assets/images/BERT.png  used on input line 202.
(pdftex.def)             Requested size: 182.09831pt x 139.05096pt.

Underfull \hbox (badness 10000) in paragraph at lines 210--211

 []

[2 <../assets/images/baseline.png> <../assets/images/BiLSTM.png> <../assets/ima
ges/BERT.png>]
Overfull \hbox (14.22949pt too wide) in paragraph at lines 220--229
 [] 
 []

<../assets/images/confusion matrixes/CM_baseline_intent_ATIS_labeless.png, id=2
4, 722.7pt x 722.7pt>
File: ../assets/images/confusion matrixes/CM_baseline_intent_ATIS_labeless.png 
Graphic file (type png)
<use ../assets/images/confusion matrixes/CM_baseline_intent_ATIS_labeless.png>
Package pdftex.def Info: ../assets/images/confusion matrixes/CM_baseline_intent
_ATIS_labeless.png  used on input line 322.
(pdftex.def)             Requested size: 145.11052pt x 145.11086pt.
<../assets/images/confusion matrixes/CM_baseline_intent_remix_ATIS_labeless.png
, id=25, 722.7pt x 722.7pt>
File: ../assets/images/confusion matrixes/CM_baseline_intent_remix_ATIS_labeles
s.png Graphic file (type png)
<use ../assets/images/confusion matrixes/CM_baseline_intent_remix_ATIS_labeless
.png>
Package pdftex.def Info: ../assets/images/confusion matrixes/CM_baseline_intent
_remix_ATIS_labeless.png  used on input line 322.
(pdftex.def)             Requested size: 145.11052pt x 145.11086pt.
<../assets/images/confusion matrixes/CM_baseline_intent_SNIPS_labeless.png, id=
26, 722.7pt x 722.7pt>
File: ../assets/images/confusion matrixes/CM_baseline_intent_SNIPS_labeless.png
 Graphic file (type png)
<use ../assets/images/confusion matrixes/CM_baseline_intent_SNIPS_labeless.png>

Package pdftex.def Info: ../assets/images/confusion matrixes/CM_baseline_intent
_SNIPS_labeless.png  used on input line 322.
(pdftex.def)             Requested size: 145.11052pt x 145.11086pt.
<../assets/images/confusion matrixes/CM_BiLSTM_intent_ATIS_labeless.png, id=27,
 722.7pt x 722.7pt>
File: ../assets/images/confusion matrixes/CM_BiLSTM_intent_ATIS_labeless.png Gr
aphic file (type png)
<use ../assets/images/confusion matrixes/CM_BiLSTM_intent_ATIS_labeless.png>
Package pdftex.def Info: ../assets/images/confusion matrixes/CM_BiLSTM_intent_A
TIS_labeless.png  used on input line 324.
(pdftex.def)             Requested size: 145.11052pt x 145.11086pt.
<../assets/images/confusion matrixes/CM_BiLSTM_slot_remix_ATIS_labeless.png, id
=28, 2890.8pt x 2890.8pt>
File: ../assets/images/confusion matrixes/CM_BiLSTM_slot_remix_ATIS_labeless.pn
g Graphic file (type png)
<use ../assets/images/confusion matrixes/CM_BiLSTM_slot_remix_ATIS_labeless.png
>
Package pdftex.def Info: ../assets/images/confusion matrixes/CM_BiLSTM_slot_rem
ix_ATIS_labeless.png  used on input line 324.
(pdftex.def)             Requested size: 145.11052pt x 145.07779pt.
<../assets/images/confusion matrixes/CM_BiLSTM_intent_SNIPS_labeless.png, id=29
, 722.7pt x 722.7pt>
File: ../assets/images/confusion matrixes/CM_BiLSTM_intent_SNIPS_labeless.png G
raphic file (type png)
<use ../assets/images/confusion matrixes/CM_BiLSTM_intent_SNIPS_labeless.png>
Package pdftex.def Info: ../assets/images/confusion matrixes/CM_BiLSTM_intent_S
NIPS_labeless.png  used on input line 325.
(pdftex.def)             Requested size: 145.11052pt x 145.11086pt.
<../assets/images/confusion matrixes/CM_BERT_intent_ATIS_labeless.png, id=30, 7
22.7pt x 722.7pt>
File: ../assets/images/confusion matrixes/CM_BERT_intent_ATIS_labeless.png Grap
hic file (type png)
<use ../assets/images/confusion matrixes/CM_BERT_intent_ATIS_labeless.png>
Package pdftex.def Info: ../assets/images/confusion matrixes/CM_BERT_intent_ATI
S_labeless.png  used on input line 327.
(pdftex.def)             Requested size: 145.11052pt x 145.11086pt.
<../assets/images/confusion matrixes/CM_BERT_intent_remix_ATIS_labeless.png, id
=31, 722.7pt x 722.7pt>
File: ../assets/images/confusion matrixes/CM_BERT_intent_remix_ATIS_labeless.pn
g Graphic file (type png)
<use ../assets/images/confusion matrixes/CM_BERT_intent_remix_ATIS_labeless.png
>
Package pdftex.def Info: ../assets/images/confusion matrixes/CM_BERT_intent_rem
ix_ATIS_labeless.png  used on input line 327.
(pdftex.def)             Requested size: 145.11052pt x 145.11086pt.
<../assets/images/confusion matrixes/CM_BERT_intent_SNIPS_labeless.png, id=32, 
722.7pt x 722.7pt>
File: ../assets/images/confusion matrixes/CM_BERT_intent_SNIPS_labeless.png Gra
phic file (type png)
<use ../assets/images/confusion matrixes/CM_BERT_intent_SNIPS_labeless.png>
Package pdftex.def Info: ../assets/images/confusion matrixes/CM_BERT_intent_SNI
PS_labeless.png  used on input line 327.
(pdftex.def)             Requested size: 145.11052pt x 145.11086pt.

LaTeX Warning: `!h' float specifier changed to `!ht'.

<../assets/images/confusion matrixes/CM_baseline_slot_ATIS_labeless.png, id=33,
 2890.8pt x 2890.8pt>
File: ../assets/images/confusion matrixes/CM_baseline_slot_ATIS_labeless.png Gr
aphic file (type png)
<use ../assets/images/confusion matrixes/CM_baseline_slot_ATIS_labeless.png>
Package pdftex.def Info: ../assets/images/confusion matrixes/CM_baseline_slot_A
TIS_labeless.png  used on input line 343.
(pdftex.def)             Requested size: 145.11052pt x 145.07779pt.
<../assets/images/confusion matrixes/CM_baseline_slot_remix_ATIS_labeless.png, 
id=34, 2890.8pt x 2890.8pt>
File: ../assets/images/confusion matrixes/CM_baseline_slot_remix_ATIS_labeless.
png Graphic file (type png)
<use ../assets/images/confusion matrixes/CM_baseline_slot_remix_ATIS_labeless.p
ng>
Package pdftex.def Info: ../assets/images/confusion matrixes/CM_baseline_slot_r
emix_ATIS_labeless.png  used on input line 343.
(pdftex.def)             Requested size: 145.11052pt x 145.07779pt.
<../assets/images/confusion matrixes/CM_baseline_slot_SNIPS_labeless.png, id=35
, 2890.8pt x 2890.8pt>
File: ../assets/images/confusion matrixes/CM_baseline_slot_SNIPS_labeless.png G
raphic file (type png)
<use ../assets/images/confusion matrixes/CM_baseline_slot_SNIPS_labeless.png>
Package pdftex.def Info: ../assets/images/confusion matrixes/CM_baseline_slot_S
NIPS_labeless.png  used on input line 343.
(pdftex.def)             Requested size: 145.11052pt x 145.07779pt.
<../assets/images/confusion matrixes/CM_BiLSTM_slot_ATIS_labeless.png, id=36, 2
890.8pt x 2890.8pt>
File: ../assets/images/confusion matrixes/CM_BiLSTM_slot_ATIS_labeless.png Grap
hic file (type png)
<use ../assets/images/confusion matrixes/CM_BiLSTM_slot_ATIS_labeless.png>
Package pdftex.def Info: ../assets/images/confusion matrixes/CM_BiLSTM_slot_ATI
S_labeless.png  used on input line 345.
(pdftex.def)             Requested size: 145.11052pt x 145.07779pt.
File: ../assets/images/confusion matrixes/CM_BiLSTM_slot_remix_ATIS_labeless.pn
g Graphic file (type png)
<use ../assets/images/confusion matrixes/CM_BiLSTM_slot_remix_ATIS_labeless.png
>
Package pdftex.def Info: ../assets/images/confusion matrixes/CM_BiLSTM_slot_rem
ix_ATIS_labeless.png  used on input line 345.
(pdftex.def)             Requested size: 145.11052pt x 145.07779pt.
<../assets/images/confusion matrixes/CM_BiLSTM_slot_SNIPS_labeless.png, id=37, 
2890.8pt x 2890.8pt>
File: ../assets/images/confusion matrixes/CM_BiLSTM_slot_SNIPS_labeless.png Gra
phic file (type png)
<use ../assets/images/confusion matrixes/CM_BiLSTM_slot_SNIPS_labeless.png>
Package pdftex.def Info: ../assets/images/confusion matrixes/CM_BiLSTM_slot_SNI
PS_labeless.png  used on input line 345.
(pdftex.def)             Requested size: 145.11052pt x 145.07779pt.
<../assets/images/confusion matrixes/CM_BERT_slot_ATIS_labeless.png, id=38, 289
0.8pt x 2890.8pt>
File: ../assets/images/confusion matrixes/CM_BERT_slot_ATIS_labeless.png Graphi
c file (type png)
<use ../assets/images/confusion matrixes/CM_BERT_slot_ATIS_labeless.png>
Package pdftex.def Info: ../assets/images/confusion matrixes/CM_BERT_slot_ATIS_
labeless.png  used on input line 347.
(pdftex.def)             Requested size: 145.11052pt x 145.07779pt.
<../assets/images/confusion matrixes/CM_BERT_slot_remix_ATIS_labeless.png, id=3
9, 2890.8pt x 2890.8pt>
File: ../assets/images/confusion matrixes/CM_BERT_slot_remix_ATIS_labeless.png 
Graphic file (type png)
<use ../assets/images/confusion matrixes/CM_BERT_slot_remix_ATIS_labeless.png>
Package pdftex.def Info: ../assets/images/confusion matrixes/CM_BERT_slot_remix
_ATIS_labeless.png  used on input line 347.
(pdftex.def)             Requested size: 145.11052pt x 145.07779pt.
<../assets/images/confusion matrixes/CM_BERT_slot_SNIPS_labeless.png, id=40, 28
90.8pt x 2890.8pt>
File: ../assets/images/confusion matrixes/CM_BERT_slot_SNIPS_labeless.png Graph
ic file (type png)
<use ../assets/images/confusion matrixes/CM_BERT_slot_SNIPS_labeless.png>
Package pdftex.def Info: ../assets/images/confusion matrixes/CM_BERT_slot_SNIPS
_labeless.png  used on input line 347.
(pdftex.def)             Requested size: 145.11052pt x 145.07779pt.

LaTeX Warning: `!h' float specifier changed to `!ht'.

[3]
<../assets/images/embeddings/baseline_slots_embeddings_ATIS_single.png, id=45, 
361.35pt x 361.35pt>
File: ../assets/images/embeddings/baseline_slots_embeddings_ATIS_single.png Gra
phic file (type png)
<use ../assets/images/embeddings/baseline_slots_embeddings_ATIS_single.png>
Package pdftex.def Info: ../assets/images/embeddings/baseline_slots_embeddings_
ATIS_single.png  used on input line 396.
(pdftex.def)             Requested size: 96.73788pt x 96.73874pt.
<../assets/images/embeddings/baseline_intent_embeddings_ATIS_single.png, id=46,
 361.35pt x 361.35pt>
File: ../assets/images/embeddings/baseline_intent_embeddings_ATIS_single.png Gr
aphic file (type png)
<use ../assets/images/embeddings/baseline_intent_embeddings_ATIS_single.png>
Package pdftex.def Info: ../assets/images/embeddings/baseline_intent_embeddings
_ATIS_single.png  used on input line 396.
(pdftex.def)             Requested size: 96.73788pt x 96.73874pt.
<../assets/images/embeddings/baseline_slot_embeddings_SNIPS_single.png, id=47, 
361.35pt x 361.35pt>
File: ../assets/images/embeddings/baseline_slot_embeddings_SNIPS_single.png Gra
phic file (type png)
<use ../assets/images/embeddings/baseline_slot_embeddings_SNIPS_single.png>
Package pdftex.def Info: ../assets/images/embeddings/baseline_slot_embeddings_S
NIPS_single.png  used on input line 396.
(pdftex.def)             Requested size: 96.73788pt x 96.73874pt.
<../assets/images/embeddings/baseline_intent_embeddings_SNIPS_single.png, id=48
, 361.35pt x 361.35pt>
File: ../assets/images/embeddings/baseline_intent_embeddings_SNIPS_single.png G
raphic file (type png)
<use ../assets/images/embeddings/baseline_intent_embeddings_SNIPS_single.png>
Package pdftex.def Info: ../assets/images/embeddings/baseline_intent_embeddings
_SNIPS_single.png  used on input line 396.
(pdftex.def)             Requested size: 96.73788pt x 96.73874pt.
<../assets/images/embeddings/BiLSTM_slot_embeddings_ATIS_single.png, id=49, 361
.35pt x 361.35pt>
File: ../assets/images/embeddings/BiLSTM_slot_embeddings_ATIS_single.png Graphi
c file (type png)
<use ../assets/images/embeddings/BiLSTM_slot_embeddings_ATIS_single.png>
Package pdftex.def Info: ../assets/images/embeddings/BiLSTM_slot_embeddings_ATI
S_single.png  used on input line 396.
(pdftex.def)             Requested size: 96.73788pt x 96.73874pt.
<../assets/images/embeddings/BiLSTM_intent_embeddings_ATIS_single.png, id=50, 3
61.35pt x 361.35pt>
File: ../assets/images/embeddings/BiLSTM_intent_embeddings_ATIS_single.png Grap
hic file (type png)
<use ../assets/images/embeddings/BiLSTM_intent_embeddings_ATIS_single.png>
Package pdftex.def Info: ../assets/images/embeddings/BiLSTM_intent_embeddings_A
TIS_single.png  used on input line 396.
(pdftex.def)             Requested size: 96.73788pt x 96.73874pt.
<../assets/images/embeddings/BiLSTM_slot_embeddings_SNIPS_single.png, id=51, 36
1.35pt x 361.35pt>
File: ../assets/images/embeddings/BiLSTM_slot_embeddings_SNIPS_single.png Graph
ic file (type png)
<use ../assets/images/embeddings/BiLSTM_slot_embeddings_SNIPS_single.png>
Package pdftex.def Info: ../assets/images/embeddings/BiLSTM_slot_embeddings_SNI
PS_single.png  used on input line 396.
(pdftex.def)             Requested size: 96.73788pt x 96.73874pt.
<../assets/images/embeddings/BiLSTM_intent_embeddings_SNIPS_single.png, id=52, 
361.35pt x 361.35pt>
File: ../assets/images/embeddings/BiLSTM_intent_embeddings_SNIPS_single.png Gra
phic file (type png)
<use ../assets/images/embeddings/BiLSTM_intent_embeddings_SNIPS_single.png>
Package pdftex.def Info: ../assets/images/embeddings/BiLSTM_intent_embeddings_S
NIPS_single.png  used on input line 396.
(pdftex.def)             Requested size: 96.73788pt x 96.73874pt.
<../assets/images/embeddings/BERT_slot_embeddings_ATIS_single.png, id=53, 361.3
5pt x 361.35pt>
File: ../assets/images/embeddings/BERT_slot_embeddings_ATIS_single.png Graphic 
file (type png)
<use ../assets/images/embeddings/BERT_slot_embeddings_ATIS_single.png>
Package pdftex.def Info: ../assets/images/embeddings/BERT_slot_embeddings_ATIS_
single.png  used on input line 396.
(pdftex.def)             Requested size: 96.73788pt x 96.73874pt.
<../assets/images/embeddings/BERT_intent_embeddings_ATIS_single.png, id=54, 361
.35pt x 361.35pt>
File: ../assets/images/embeddings/BERT_intent_embeddings_ATIS_single.png Graphi
c file (type png)
<use ../assets/images/embeddings/BERT_intent_embeddings_ATIS_single.png>
Package pdftex.def Info: ../assets/images/embeddings/BERT_intent_embeddings_ATI
S_single.png  used on input line 396.
(pdftex.def)             Requested size: 96.73788pt x 96.73874pt.
<../assets/images/embeddings/BERT_slot_embeddings_SNIPS_single.png, id=55, 361.
35pt x 361.35pt>
File: ../assets/images/embeddings/BERT_slot_embeddings_SNIPS_single.png Graphic
 file (type png)
<use ../assets/images/embeddings/BERT_slot_embeddings_SNIPS_single.png>
Package pdftex.def Info: ../assets/images/embeddings/BERT_slot_embeddings_SNIPS
_single.png  used on input line 396.
(pdftex.def)             Requested size: 96.73788pt x 96.73874pt.
<../assets/images/embeddings/BERT_intent_embeddings_SNIPS_single.png, id=56, 36
1.35pt x 361.35pt>
File: ../assets/images/embeddings/BERT_intent_embeddings_SNIPS_single.png Graph
ic file (type png)
<use ../assets/images/embeddings/BERT_intent_embeddings_SNIPS_single.png>
Package pdftex.def Info: ../assets/images/embeddings/BERT_intent_embeddings_SNI
PS_single.png  used on input line 396.
(pdftex.def)             Requested size: 96.73788pt x 96.73874pt.


LaTeX Warning: `!h' float specifier changed to `!ht'.


LaTeX Warning: `!h' float specifier changed to `!ht'.

<../assets/images/losses/BiLSTM Average Slot Loss ATIS.png, id=57, 722.7pt x 72
2.7pt>
File: ../assets/images/losses/BiLSTM Average Slot Loss ATIS.png Graphic file (t
ype png)
<use ../assets/images/losses/BiLSTM Average Slot Loss ATIS.png>
Package pdftex.def Info: ../assets/images/losses/BiLSTM Average Slot Loss ATIS.
png  used on input line 446.
(pdftex.def)             Requested size: 106.4139pt x 106.40434pt.
<../assets/images/losses/BiLSTM Average Intent Loss ATIS.png, id=58, 722.7pt x 
722.7pt>
File: ../assets/images/losses/BiLSTM Average Intent Loss ATIS.png Graphic file 
(type png)
<use ../assets/images/losses/BiLSTM Average Intent Loss ATIS.png>
Package pdftex.def Info: ../assets/images/losses/BiLSTM Average Intent Loss ATI
S.png  used on input line 452.
(pdftex.def)             Requested size: 106.4139pt x 106.40434pt.

LaTeX Warning: `!h' float specifier changed to `!ht'.


Underfull \vbox (badness 1478) has occurred while \output is active []



LaTeX Warning: Text page 4 contains only floats.


Underfull \vbox (badness 1297) has occurred while \output is active []

 [4 <../assets/images/confusion matrixes/CM_baseline_intent_ATIS_labeless.png> 
<../assets/images/confusion matrixes/CM_baseline_intent_remix_ATIS_labeless.png
> <../assets/images/confusion matrixes/CM_baseline_intent_SNIPS_labeless.png> <
../assets/images/confusion matrixes/CM_BiLSTM_intent_ATIS_labeless.png> <../ass
ets/images/confusion matrixes/CM_BiLSTM_slot_remix_ATIS_labeless.png> <../asset
s/images/confusion matrixes/CM_BiLSTM_intent_SNIPS_labeless.png> <../assets/ima
ges/confusion matrixes/CM_BERT_intent_ATIS_labeless.png> <../assets/images/conf
usion matrixes/CM_BERT_intent_remix_ATIS_labeless.png> <../assets/images/confus
ion matrixes/CM_BERT_intent_SNIPS_labeless.png> <../assets/images/losses/BiLSTM
 Average Slot Loss ATIS.png> <../assets/images/losses/BiLSTM Average Intent Los
s ATIS.png>] (template.bbl
Underfull \vbox (badness 10000) has occurred while \output is active []

 [5 <../assets/images/confusion matrixes/CM_baseline_slot_ATIS_labeless.png> <.
./assets/images/confusion matrixes/CM_baseline_slot_remix_ATIS_labeless.png> <.
./assets/images/confusion matrixes/CM_baseline_slot_SNIPS_labeless.png> <../ass
ets/images/confusion matrixes/CM_BiLSTM_slot_ATIS_labeless.png> <../assets/imag
es/confusion matrixes/CM_BiLSTM_slot_SNIPS_labeless.png> <../assets/images/conf
usion matrixes/CM_BERT_slot_ATIS_labeless.png> <../assets/images/confusion matr
ixes/CM_BERT_slot_remix_ATIS_labeless.png> <../assets/images/confusion matrixes
/CM_BERT_slot_SNIPS_labeless.png>]) [6

 <../assets/images/embeddings/baseline_slots_embeddings_ATIS_single.png> <../as
sets/images/embeddings/baseline_intent_embeddings_ATIS_single.png> <../assets/i
mages/embeddings/baseline_slot_embeddings_SNIPS_single.png> <../assets/images/e
mbeddings/baseline_intent_embeddings_SNIPS_single.png> <../assets/images/embedd
ings/BiLSTM_slot_embeddings_ATIS_single.png> <../assets/images/embeddings/BiLST
M_intent_embeddings_ATIS_single.png> <../assets/images/embeddings/BiLSTM_slot_e
mbeddings_SNIPS_single.png> <../assets/images/embeddings/BiLSTM_intent_embeddin
gs_SNIPS_single.png> <../assets/images/embeddings/BERT_slot_embeddings_ATIS_sin
gle.png> <../assets/images/embeddings/BERT_intent_embeddings_ATIS_single.png> <
../assets/images/embeddings/BERT_slot_embeddings_SNIPS_single.png> <../assets/i
mages/embeddings/BERT_intent_embeddings_SNIPS_single.png>] (template.aux)

LaTeX Warning: There were undefined references.

runsystem(del template.pyg)...executed.

 ) 
Here is how much of TeX's memory you used:
 12585 strings out of 478582
 263783 string characters out of 2844344
 585493 words of memory out of 3000000
 30512 multiletter control sequences out of 15000+600000
 493374 words of font info for 76 fonts, out of 8000000 for 9000
 1141 hyphenation exceptions out of 8191
 74i,13n,79p,630b,665s stack positions out of 10000i,1000n,20000p,200000b,80000s
{C:/Users/micky/AppData/Local/Programs/MiKTeX/fonts/enc/dvips/base/8r.enc}<C:
/Users/micky/AppData/Local/Programs/MiKTeX/fonts/type1/public/amsfonts/cm/cmmi6
.pfb><C:/Users/micky/AppData/Local/Programs/MiKTeX/fonts/type1/public/amsfonts/
cm/cmmi9.pfb><C:/Users/micky/AppData/Local/Programs/MiKTeX/fonts/type1/public/a
msfonts/cm/cmr6.pfb><C:/Users/micky/AppData/Local/Programs/MiKTeX/fonts/type1/p
ublic/amsfonts/cm/cmr9.pfb><C:/Users/micky/AppData/Local/Programs/MiKTeX/fonts/
type1/public/amsfonts/cm/cmsy6.pfb><C:/Users/micky/AppData/Local/Programs/MiKTe
X/fonts/type1/public/amsfonts/cm/cmsy9.pfb><C:/Users/micky/AppData/Local/Progra
ms/MiKTeX/fonts/type1/urw/courier/ucrr8a.pfb><C:/Users/micky/AppData/Local/Prog
rams/MiKTeX/fonts/type1/urw/times/utmb8a.pfb><C:/Users/micky/AppData/Local/Prog
rams/MiKTeX/fonts/type1/urw/times/utmr8a.pfb><C:/Users/micky/AppData/Local/Prog
rams/MiKTeX/fonts/type1/urw/times/utmri8a.pfb>
Output written on template.pdf (6 pages, 1400550 bytes).
PDF statistics:
 141 PDF objects out of 1000 (max. 8388607)
 0 named destinations out of 1000 (max. 500000)
 171 words of extra memory for PDF output out of 10000 (max. 10000000)

